[2026-03-17 21:33:44] [WARNING ] discord.ext.commands.bot: Privileged message content intent is missing, commands may not work as expected.
[2026-03-17 21:33:44] [INFO    ] discord.client: logging in using static token
[font] Detected OS: Linux
[font] Selected fonts: ['Noto Sans CJK JP', 'Noto Sans Thai', 'Noto Sans', 'Droid Sans Fallback', 'DejaVu Sans']
[2026-03-17 21:33:50] [INFO    ] discord.gateway: Shard ID None has connected to Gateway (Session ID: e2c8e7ae8e97e2ef5ce99e3b6a6db8ae).
[font] Detected OS: Linux
[font] Selected fonts: ['Noto Sans CJK JP', 'Noto Sans Thai', 'Noto Sans', 'Droid Sans Fallback', 'DejaVu Sans']
/home/dylan/DiscordBot_OCR/src/cogs/scores.py:1340: UserWarning: Glyph 3588 (\N{THAI CHARACTER KHO KHWAI}) missing from current font.
  plt.tight_layout()
/home/dylan/DiscordBot_OCR/src/cogs/scores.py:1340: UserWarning: Glyph 3619 (\N{THAI CHARACTER RO RUA}) missing from current font.
  plt.tight_layout()
/home/dylan/DiscordBot_OCR/src/cogs/scores.py:1340: UserWarning: Glyph 3648 (\N{THAI CHARACTER SARA E}) missing from current font.
  plt.tight_layout()
/home/dylan/DiscordBot_OCR/src/cogs/scores.py:1344: UserWarning: Glyph 3588 (\N{THAI CHARACTER KHO KHWAI}) missing from current font.
  plt.savefig(buffer, format='png', dpi=150, bbox_inches='tight')
/home/dylan/DiscordBot_OCR/src/cogs/scores.py:1344: UserWarning: Glyph 3619 (\N{THAI CHARACTER RO RUA}) missing from current font.
  plt.savefig(buffer, format='png', dpi=150, bbox_inches='tight')
/home/dylan/DiscordBot_OCR/src/cogs/scores.py:1344: UserWarning: Glyph 3648 (\N{THAI CHARACTER SARA E}) missing from current font.
  plt.savefig(buffer, format='png', dpi=150, bbox_inches='tight')
[2026-03-18 01:01:55] [INFO    ] discord.gateway: Shard ID None has successfully RESUMED session e2c8e7ae8e97e2ef5ce99e3b6a6db8ae.
[2026-03-18 01:25:15] [INFO    ] discord.gateway: Shard ID None has successfully RESUMED session e2c8e7ae8e97e2ef5ce99e3b6a6db8ae.
[2026-03-18 02:04:27] [INFO    ] discord.gateway: Shard ID None has successfully RESUMED session e2c8e7ae8e97e2ef5ce99e3b6a6db8ae.
[2026-03-18 02:31:23] [INFO    ] discord.gateway: Shard ID None has successfully RESUMED session e2c8e7ae8e97e2ef5ce99e3b6a6db8ae.
[font] Detected OS: Linux
[font] Selected fonts: ['Noto Sans CJK JP', 'Noto Sans Thai', 'Noto Sans', 'Droid Sans Fallback', 'DejaVu Sans']
/home/dylan/DiscordBot_OCR/src/cogs/scores.py:1340: UserWarning: Glyph 3588 (\N{THAI CHARACTER KHO KHWAI}) missing from current font.
  plt.tight_layout()
/home/dylan/DiscordBot_OCR/src/cogs/scores.py:1340: UserWarning: Glyph 3619 (\N{THAI CHARACTER RO RUA}) missing from current font.
  plt.tight_layout()
/home/dylan/DiscordBot_OCR/src/cogs/scores.py:1340: UserWarning: Glyph 3648 (\N{THAI CHARACTER SARA E}) missing from current font.
  plt.tight_layout()
/home/dylan/DiscordBot_OCR/src/cogs/scores.py:1344: UserWarning: Glyph 3588 (\N{THAI CHARACTER KHO KHWAI}) missing from current font.
  plt.savefig(buffer, format='png', dpi=150, bbox_inches='tight')
/home/dylan/DiscordBot_OCR/src/cogs/scores.py:1344: UserWarning: Glyph 3619 (\N{THAI CHARACTER RO RUA}) missing from current font.
  plt.savefig(buffer, format='png', dpi=150, bbox_inches='tight')
/home/dylan/DiscordBot_OCR/src/cogs/scores.py:1344: UserWarning: Glyph 3648 (\N{THAI CHARACTER SARA E}) missing from current font.
  plt.savefig(buffer, format='png', dpi=150, bbox_inches='tight')
[font] Detected OS: Linux
[font] Selected fonts: ['Noto Sans CJK JP', 'Noto Sans Thai', 'Noto Sans', 'Droid Sans Fallback', 'DejaVu Sans']
[2026-03-18 03:42:45] [INFO    ] discord.gateway: Shard ID None has successfully RESUMED session e2c8e7ae8e97e2ef5ce99e3b6a6db8ae.
[2026-03-18 04:18:09] [INFO    ] discord.gateway: Shard ID None has successfully RESUMED session e2c8e7ae8e97e2ef5ce99e3b6a6db8ae.
[2026-03-18 06:33:03] [INFO    ] discord.gateway: Shard ID None has successfully RESUMED session e2c8e7ae8e97e2ef5ce99e3b6a6db8ae.
[2026-03-18 06:53:42] [INFO    ] discord.gateway: Shard ID None has successfully RESUMED session e2c8e7ae8e97e2ef5ce99e3b6a6db8ae.
[2026-03-18 10:04:50] [INFO    ] discord.gateway: Shard ID None has successfully RESUMED session e2c8e7ae8e97e2ef5ce99e3b6a6db8ae.
[2026-03-18 12:04:48] [INFO    ] discord.gateway: Shard ID None has successfully RESUMED session e2c8e7ae8e97e2ef5ce99e3b6a6db8ae.
[2026-03-18 14:33:18] [INFO    ] discord.gateway: Shard ID None has successfully RESUMED session e2c8e7ae8e97e2ef5ce99e3b6a6db8ae.
[2026-03-18 15:29:40] [INFO    ] discord.gateway: Shard ID None has successfully RESUMED session e2c8e7ae8e97e2ef5ce99e3b6a6db8ae.
[2026-03-18 16:06:39] [INFO    ] discord.gateway: Shard ID None has successfully RESUMED session e2c8e7ae8e97e2ef5ce99e3b6a6db8ae.
[2026-03-18 16:45:13] [INFO    ] discord.gateway: Shard ID None has successfully RESUMED session e2c8e7ae8e97e2ef5ce99e3b6a6db8ae.
